<?xml version="1.0" encoding="UTF-8"?>
<!-- Generated by org.testng.reporters.JUnitReportReporter -->
<testsuite skipped="0" hostname="Talha" name="com.auto.amazon.framework.testcases.myAccount.MyAccountLinksVerificationCases" tests="1" failures="0" timestamp="27 Apr 2018 21:14:51 GMT" time="21.609" errors="0">
  <testcase name="validatePrimeMembershipLink" time="21.609" classname="com.auto.amazon.framework.testcases.myAccount.MyAccountLinksVerificationCases"/>
</testsuite> <!-- com.auto.amazon.framework.testcases.myAccount.MyAccountLinksVerificationCases -->
