<?xml version="1.0" encoding="UTF-8"?>
<!-- Generated by org.testng.reporters.JUnitReportReporter -->
<testsuite skipped="0" hostname="Talha" name="com.auto.amazon.framework.testcases.myhomepage.MyHomePageCases" tests="2" failures="0" timestamp="27 Apr 2018 21:14:51 GMT" time="41.559" errors="0">
  <testcase name="verifyMyHomePageTitle" time="19.951" classname="com.auto.amazon.framework.testcases.myhomepage.MyHomePageCases"/>
  <testcase name="verifyMyHomePageIcon" time="21.608" classname="com.auto.amazon.framework.testcases.myhomepage.MyHomePageCases"/>
</testsuite> <!-- com.auto.amazon.framework.testcases.myhomepage.MyHomePageCases -->
