<?xml version="1.0" encoding="UTF-8"?>
<!-- Generated by org.testng.reporters.JUnitReportReporter -->
<testsuite skipped="0" hostname="Talha" name="com.auto.amazonmvn.framework.testcases.myhomepage.MyHomePageCases" tests="2" failures="0" timestamp="27 Apr 2018 23:10:47 GMT" time="40.126" errors="0">
  <testcase name="verifyMyHomePageTitle" time="20.160" classname="com.auto.amazonmvn.framework.testcases.myhomepage.MyHomePageCases"/>
  <testcase name="verifyMyHomePageIcon" time="19.966" classname="com.auto.amazonmvn.framework.testcases.myhomepage.MyHomePageCases"/>
</testsuite> <!-- com.auto.amazonmvn.framework.testcases.myhomepage.MyHomePageCases -->
