<?xml version="1.0" encoding="UTF-8"?>
<!-- Generated by org.testng.reporters.JUnitReportReporter -->
<testsuite skipped="0" hostname="Talha" name="com.auto.amazonmvn.framework.testcases.myAccount.MyAccountLinksVerificationCases" tests="1" failures="0" timestamp="01 May 2018 20:24:57 GMT" time="46.434" errors="0">
  <testcase name="validatePrimeMembershipLink" time="46.434" classname="com.auto.amazonmvn.framework.testcases.myAccount.MyAccountLinksVerificationCases"/>
</testsuite> <!-- com.auto.amazonmvn.framework.testcases.myAccount.MyAccountLinksVerificationCases -->
