<?xml version="1.0" encoding="UTF-8"?>
<!-- Generated by org.testng.reporters.JUnitReportReporter -->
<testsuite skipped="0" hostname="Talha" name="com.auto.amazonmvn.framework.testcases.myhomepage.MyHomePageCases" tests="2" failures="0" timestamp="01 May 2018 20:24:57 GMT" time="67.729" errors="0">
  <testcase name="verifyMyHomePageIcon" time="42.016" classname="com.auto.amazonmvn.framework.testcases.myhomepage.MyHomePageCases"/>
  <testcase name="verifyMyHomePageTitle" time="25.713" classname="com.auto.amazonmvn.framework.testcases.myhomepage.MyHomePageCases"/>
</testsuite> <!-- com.auto.amazonmvn.framework.testcases.myhomepage.MyHomePageCases -->
